<?xml version="1.0" encoding="UTF-8"?>
<!-- Generated by org.testng.reporters.JUnitXMLReporter -->
<testsuite ignored="0" hostname="Laptop-7" failures="0" tests="2" name="Default test" time="57.243" errors="0" timestamp="2026-09-17T14:33:13 IST">
  <testcase classname="superAdmin_Testcases_class.TC_03_Verify_user_is_able_to_create_a_organization" name="createORganization" time="34.415"/>
  <testcase classname="superAdmin_Testcases_class.TC_03_Verify_user_is_able_to_create_a_organization" name="verifyUserIsAbleToSearchTheCreatedOrganization" time="13.916"/>
</testsuite> <!-- Default test -->
