<?xml version="1.0" encoding="UTF-8"?>
<!-- Generated by org.testng.reporters.JUnitXMLReporter -->
<testsuite ignored="1" hostname="Laptop-7" failures="0" tests="1" name="Default test" time="18.405" errors="0" timestamp="2026-09-18T10:48:53 IST">
  <testcase classname="superAdmin_Testcases_class.TC_03_Verify_user_is_able_to_create_a_organization" name="verifyUserIsAbleToSearchTheCreatedOrganization" time="12.562"/>
  <testcase classname="superAdmin_Testcases_class.TC_03_Verify_user_is_able_to_create_a_organization" name="createOrganization" time="0.0">
    <ignored/>
  </testcase> <!-- createOrganization -->
</testsuite> <!-- Default test -->
