<?xml version="1.0" encoding="UTF-8"?>
<!-- Generated by org.testng.reporters.JUnitXMLReporter -->
<testsuite ignored="1" hostname="Laptop-7" failures="0" tests="4" name="Test" time="84.671" errors="0" timestamp="2026-09-18T10:46:38 IST">
  <testcase classname="Login_Testcase_class.TC_01_Verify_user_is_able_to_login_sucessfully" name="LoginToRippleEffectsSuperAdmin" time="5.643"/>
  <testcase classname="superAdmin_Testcases_class.TC_02_Verify_user_is_able_to_create_a_district" name="districtCreation" time="21.64"/>
  <testcase classname="superAdmin_Testcases_class.TC_02_Verify_user_is_able_to_create_a_district" name="verifyUserIsAbleToSearchTheCreatedDistrict" time="11.603"/>
  <testcase classname="superAdmin_Testcases_class.TC_03_Verify_user_is_able_to_create_a_organization" name="createOrganization" time="23.873"/>
  <testcase classname="superAdmin_Testcases_class.TC_03_Verify_user_is_able_to_create_a_organization" name="verifyUserIsAbleToSearchTheCreatedOrganization" time="0.0">
    <ignored/>
  </testcase> <!-- verifyUserIsAbleToSearchTheCreatedOrganization -->
</testsuite> <!-- Test -->
