<?xml version="1.0" encoding="UTF-8"?>
<!-- Generated by org.testng.reporters.JUnitXMLReporter -->
<testsuite ignored="0" hostname="DESKTOP-VDNADQS" failures="0" tests="4" name="Test" time="93.291" errors="0" timestamp="2026-09-17T21:39:43 IST">
  <testcase classname="Login_Testcase_class.TC_01_Verify_user_is_able_to_login_sucessfully" name="LoginToRippleEffectsSuperAdmin" time="7.937"/>
  <testcase classname="superAdmin_Testcases_class.TC_02_Verify_user_is_able_to_create_a_district" name="districtCreation" time="19.649"/>
  <testcase classname="superAdmin_Testcases_class.TC_03_Verify_user_is_able_to_create_a_organization" name="createOrganization" time="26.568"/>
  <testcase classname="superAdmin_Testcases_class.TC_03_Verify_user_is_able_to_create_a_organization" name="verifyUserIsAbleToSearchTheCreatedOrganization" time="8.928"/>
</testsuite> <!-- Test -->
