<?xml version="1.0" encoding="UTF-8"?>
<!-- Generated by org.testng.reporters.JUnitReportReporter -->
<testsuite hostname="Laptop-7" failures="0" tests="1" name="superAdmin_Testcases_class.TC_04_Verify_user_is_able_to_linkOorg_toDistrict" time="21.368" errors="0" timestamp="2026-09-22T12:56:44 IST" skipped="0">
  <testcase classname="superAdmin_Testcases_class.TC_04_Verify_user_is_able_to_linkOorg_toDistrict" name="linkOrganizationToDistrict" time="21.368"/>
</testsuite> <!-- superAdmin_Testcases_class.TC_04_Verify_user_is_able_to_linkOorg_toDistrict -->
