<?xml version="1.0" encoding="UTF-8"?>
<!-- Generated by org.testng.reporters.JUnitReportReporter -->
<testsuite hostname="DESKTOP-VDNADQS" failures="0" tests="2" name="superAdmin_Testcases_class.TC_02_Verify_user_is_able_to_create_a_district" time="44.121" errors="0" timestamp="2026-09-17T22:43:42 IST" skipped="0">
  <testcase classname="superAdmin_Testcases_class.TC_02_Verify_user_is_able_to_create_a_district" name="districtCreation" time="30.523"/>
  <testcase classname="superAdmin_Testcases_class.TC_02_Verify_user_is_able_to_create_a_district" name="verifyUserIsAbleToSearchTheCreatedDistrict" time="13.598"/>
</testsuite> <!-- superAdmin_Testcases_class.TC_02_Verify_user_is_able_to_create_a_district -->
