<?xml version="1.0" encoding="UTF-8"?>
<!-- Generated by org.testng.reporters.JUnitReportReporter -->
<testsuite hostname="DESKTOP-VDNADQS" failures="0" tests="1" name="superAdmin_Testcases_class.TC_02_Verify_user_is_able_to_create_a_district" time="25.774" errors="0" timestamp="2026-09-16T23:18:15 IST" skipped="0">
  <testcase classname="superAdmin_Testcases_class.TC_02_Verify_user_is_able_to_create_a_district" name="districtCreation" time="25.774"/>
</testsuite> <!-- superAdmin_Testcases_class.TC_02_Verify_user_is_able_to_create_a_district -->
