<?xml version="1.0" encoding="UTF-8"?>
<!-- Generated by org.testng.reporters.JUnitReportReporter -->
<testsuite hostname="DESKTOP-VDNADQS" failures="0" tests="1" name="superAdmin_Testcases_class.TC_02_Verify_user_is_able_to_create_a_organization" time="46.986" errors="0" timestamp="2026-09-16T23:03:19 IST" skipped="0">
  <testcase classname="superAdmin_Testcases_class.TC_02_Verify_user_is_able_to_create_a_organization" name="createORganization" time="46.986"/>
</testsuite> <!-- superAdmin_Testcases_class.TC_02_Verify_user_is_able_to_create_a_organization -->
