<?xml version="1.0" encoding="UTF-8"?>
<!-- Generated by org.testng.reporters.JUnitReportReporter -->
<testsuite hostname="Laptop-7" failures="0" tests="1" name="Login_Testcase_class.TC_01_Verify_user_is_able_to_login_sucessfully" time="11.493" errors="0" timestamp="2026-09-18T10:46:38 IST" skipped="0">
  <testcase classname="Login_Testcase_class.TC_01_Verify_user_is_able_to_login_sucessfully" name="LoginToRippleEffectsSuperAdmin" time="11.493"/>
</testsuite> <!-- Login_Testcase_class.TC_01_Verify_user_is_able_to_login_sucessfully -->
