<?xml version="1.0" encoding="UTF-8"?>
<!-- Generated by org.testng.reporters.JUnitReportReporter -->
<testsuite hostname="Laptop-7" failures="0" tests="10" name="superAdmin_Testcases_class.TC_05_Verify_user_is_able_to_create_multiple_district" time="265.190" errors="0" timestamp="2026-09-26T15:58:43 IST" skipped="0">
  <testcase classname="superAdmin_Testcases_class.TC_05_Verify_user_is_able_to_create_multiple_district" name="multipleDistrictCreation" time="23.060"/>
  <testcase classname="superAdmin_Testcases_class.TC_05_Verify_user_is_able_to_create_multiple_district" name="multipleDistrictCreation" time="24.693"/>
  <testcase classname="superAdmin_Testcases_class.TC_05_Verify_user_is_able_to_create_multiple_district" name="multipleDistrictCreation" time="39.986"/>
  <testcase classname="superAdmin_Testcases_class.TC_05_Verify_user_is_able_to_create_multiple_district" name="multipleDistrictCreation" time="25.000"/>
  <testcase classname="superAdmin_Testcases_class.TC_05_Verify_user_is_able_to_create_multiple_district" name="multipleDistrictCreation" time="24.609"/>
  <testcase classname="superAdmin_Testcases_class.TC_05_Verify_user_is_able_to_create_multiple_district" name="multipleDistrictCreation" time="24.220"/>
  <testcase classname="superAdmin_Testcases_class.TC_05_Verify_user_is_able_to_create_multiple_district" name="multipleDistrictCreation" time="23.437"/>
  <testcase classname="superAdmin_Testcases_class.TC_05_Verify_user_is_able_to_create_multiple_district" name="multipleDistrictCreation" time="29.799"/>
  <testcase classname="superAdmin_Testcases_class.TC_05_Verify_user_is_able_to_create_multiple_district" name="multipleDistrictCreation" time="25.858"/>
  <testcase classname="superAdmin_Testcases_class.TC_05_Verify_user_is_able_to_create_multiple_district" name="multipleDistrictCreation" time="24.528"/>
</testsuite> <!-- superAdmin_Testcases_class.TC_05_Verify_user_is_able_to_create_multiple_district -->
