<?xml version="1.0" encoding="UTF-8"?>
<!-- Generated by org.testng.reporters.JUnitReportReporter -->
<testsuite hostname="Laptop-7" failures="0" tests="10" name="superAdmin_Testcases_class.TC_05_Verify_user_is_able_to_create_multiple_organization" time="282.001" errors="0" timestamp="2026-09-26T22:46:35 IST" skipped="0">
  <testcase classname="superAdmin_Testcases_class.TC_05_Verify_user_is_able_to_create_multiple_organization" name="createOrganization" time="27.665"/>
  <testcase classname="superAdmin_Testcases_class.TC_05_Verify_user_is_able_to_create_multiple_organization" name="createOrganization" time="27.876"/>
  <testcase classname="superAdmin_Testcases_class.TC_05_Verify_user_is_able_to_create_multiple_organization" name="createOrganization" time="27.756"/>
  <testcase classname="superAdmin_Testcases_class.TC_05_Verify_user_is_able_to_create_multiple_organization" name="createOrganization" time="29.231"/>
  <testcase classname="superAdmin_Testcases_class.TC_05_Verify_user_is_able_to_create_multiple_organization" name="createOrganization" time="27.110"/>
  <testcase classname="superAdmin_Testcases_class.TC_05_Verify_user_is_able_to_create_multiple_organization" name="createOrganization" time="27.356"/>
  <testcase classname="superAdmin_Testcases_class.TC_05_Verify_user_is_able_to_create_multiple_organization" name="createOrganization" time="27.886"/>
  <testcase classname="superAdmin_Testcases_class.TC_05_Verify_user_is_able_to_create_multiple_organization" name="createOrganization" time="32.896"/>
  <testcase classname="superAdmin_Testcases_class.TC_05_Verify_user_is_able_to_create_multiple_organization" name="createOrganization" time="27.098"/>
  <testcase classname="superAdmin_Testcases_class.TC_05_Verify_user_is_able_to_create_multiple_organization" name="createOrganization" time="27.127"/>
</testsuite> <!-- superAdmin_Testcases_class.TC_05_Verify_user_is_able_to_create_multiple_organization -->
