<?xml version="1.0" encoding="UTF-8"?>
<!-- Generated by org.testng.reporters.JUnitReportReporter -->
<testsuite hostname="Laptop-7" failures="0" tests="1" name="Login_Testcase_class.TC_01_Verify_user_is_able_to_login_sucessfully" time="18.254" errors="0" timestamp="2026-09-26T13:25:17 IST" skipped="0">
  <testcase classname="Login_Testcase_class.TC_01_Verify_user_is_able_to_login_sucessfully" name="LoginToRippleEffectsSuperAdmin" time="18.254"/>
</testsuite> <!-- Login_Testcase_class.TC_01_Verify_user_is_able_to_login_sucessfully -->
