<?xml version="1.0" encoding="UTF-8"?>
<!-- Generated by org.testng.reporters.JUnitReportReporter -->
<testsuite hostname="Laptop-7" failures="0" tests="1" name="Login_Testcase_class.Verify_user_is_able_to_login_sucessfully" time="14.723" errors="0" timestamp="2026-09-16T12:21:52 IST" skipped="0">
  <testcase classname="Login_Testcase_class.Verify_user_is_able_to_login_sucessfully" name="LoginToRippleEffectsSuperAdmin" time="14.723"/>
</testsuite> <!-- Login_Testcase_class.Verify_user_is_able_to_login_sucessfully -->
