<?xml version="1.0" encoding="UTF-8"?>
<!-- Generated by org.testng.reporters.JUnitReportReporter -->
<testsuite hostname="Laptop-7" failures="0" tests="1" name="superAdmin_Testcases_class.TC_01_Verify_user_is_able_to_create_a_district" time="30.573" errors="0" timestamp="2026-09-16T12:21:52 IST" skipped="0">
  <testcase classname="superAdmin_Testcases_class.TC_01_Verify_user_is_able_to_create_a_district" name="districtCreation" time="30.573"/>
</testsuite> <!-- superAdmin_Testcases_class.TC_01_Verify_user_is_able_to_create_a_district -->
