<?xml version="1.0" encoding="UTF-8"?>
<!-- Generated by org.testng.reporters.JUnitReportReporter -->
<testsuite hostname="Laptop-7" failures="0" tests="2" name="superAdmin_Testcases_class.TC_03_Verify_user_is_able_to_create_a_organization" time="18.362" errors="0" timestamp="2026-09-18T10:48:54 IST" skipped="1">
  <testcase classname="superAdmin_Testcases_class.TC_03_Verify_user_is_able_to_create_a_organization" name="verifyUserIsAbleToSearchTheCreatedOrganization" time="18.362"/>
  <testcase classname="superAdmin_Testcases_class.TC_03_Verify_user_is_able_to_create_a_organization" name="createOrganization">
    <skipped/>
  </testcase> <!-- createOrganization -->
</testsuite> <!-- superAdmin_Testcases_class.TC_03_Verify_user_is_able_to_create_a_organization -->
